
## ---------------------- ##
## Running config.status. ##
## ---------------------- ##

This file was extended by ntp config.status 4.2.8p15, which was
generated by GNU Autoconf 2.69.  Invocation command line was

  CONFIG_FILES    = 
  CONFIG_HEADERS  = 
  CONFIG_LINKS    = 
  CONFIG_COMMANDS = 
  $ ../config.status --file=ntpq.1+:./ntpq.mdoc.in

on 02

config.status:1646: creating ntpq.1+

## ---------------------- ##
## Running config.status. ##
## ---------------------- ##

This file was extended by ntp config.status 4.2.8p15, which was
generated by GNU Autoconf 2.69.  Invocation command line was

  CONFIG_FILES    = 
  CONFIG_HEADERS  = 
  CONFIG_LINKS    = 
  CONFIG_COMMANDS = 
  $ ../config.status --file=ntpq.1+:./ntpq.mdoc.in

on 02

config.status:1646: creating ntpq.1+
